#
# A fatal error has been detected by the Java Runtime Environment:
#
#  EXCEPTION_ACCESS_VIOLATION (0xc0000005) at pc=0x00007ffdcfa4ef29, pid=18108, tid=25164
#
# JRE version: OpenJDK Runtime Environment Temurin-17.0.7+7 (17.0.7+7) (build 17.0.7+7)
# Java VM: OpenJDK 64-Bit Server VM Temurin-17.0.7+7 (17.0.7+7, mixed mode, emulated-client, tiered, compressed oops, compressed class ptrs, g1 gc, windows-amd64)
# Problematic frame:
# V  [jvm.dll+0x23ef29]
#
# No core dump will be written. Minidumps are not enabled by default on client versions of Windows
#
# If you would like to submit a bug report, please visit:
#   https://github.com/adoptium/adoptium-support/issues
#

---------------  S U M M A R Y ------------

Command Line: -XX:+ShowCodeDetailsInExceptionMessages -agentlib:jdwp=transport=dt_socket,suspend=y,address=localhost:56154 -Dcom.sun.management.jmxremote -Dcom.sun.management.jmxremote.port=56153 -Dcom.sun.management.jmxremote.authenticate=false -Dcom.sun.management.jmxremote.ssl=false -Djava.rmi.server.hostname=localhost -Dspring.jmx.enabled=true -Dmanagement.endpoints.jmx.exposure.include=* -Dspring.application.admin.enabled=true -XX:TieredStopAtLevel=1 -Dspring.boot.project.name=Library_System -javaagent:C:\Users\nages\Downloads\spring-tool-suite-4-4.19.0.RELEASE-e4.28.0-win32.win32.x86_64.self-extracting\contents\sts-4.19.0.RELEASE\configuration\org.eclipse.osgi\267\0\.cp\lib\javaagent-shaded.jar -Dfile.encoding=UTF-8 com.library.LibrarySystemApplication --spring.output.ansi.enabled=always

Host: 11th Gen Intel(R) Core(TM) i5-1135G7 @ 2.40GHz, 8 cores, 7G,  Windows 11 , 64 bit Build 22621 (10.0.22621.4974)
Time: Wed Apr  9 14:18:49 2025 India Standard Time elapsed time: 1638.367968 seconds (0d 0h 27m 18s)

---------------  T H R E A D  ---------------

Current thread (0x000001b33c58cfe0):  VMThread "VM Thread" [stack: 0x0000005bad000000,0x0000005bad100000] [id=25164]

Stack: [0x0000005bad000000,0x0000005bad100000],  sp=0x0000005bad0ff250,  free space=1020k
Native frames: (J=compiled Java code, j=interpreted, Vv=VM code, C=native code)
V  [jvm.dll+0x23ef29]
V  [jvm.dll+0x62c973]
V  [jvm.dll+0x62d331]
V  [jvm.dll+0x52c59d]
V  [jvm.dll+0x5301c8]
V  [jvm.dll+0x52dfbb]
V  [jvm.dll+0x83a5bb]
V  [jvm.dll+0x83b2f4]
V  [jvm.dll+0x83b80c]
V  [jvm.dll+0x83bbe4]
V  [jvm.dll+0x83bcb0]
V  [jvm.dll+0x7e4e7a]
V  [jvm.dll+0x676395]
C  [ucrtbase.dll+0x29333]
C  [KERNEL32.DLL+0x1259d]
C  [ntdll.dll+0x5af38]


siginfo: EXCEPTION_ACCESS_VIOLATION (0xc0000005), reading address 0x000001b345e02008


Register to memory mapping:

RIP=0x00007ffdcfa4ef29 jvm.dll
RAX=0x0000000000200000 is an unknown value
RBX=0x000001b345c000f0 is pointing into metadata
RCX=0x000001b345c02008 is pointing into metadata
RDX=0x000000000000ffff is an unknown value
RSP=0x0000005bad0ff250 points into unknown readable memory: 0x0000000000000000 | 00 00 00 00 00 00 00 00
RBP=0x000001b345c000f0 is pointing into metadata
RSI=0x000000000000ffff is an unknown value
RDI=0x000000000000ffff is an unknown value
R8 ={method} {0x000001b345c00ed0} 'listAllBooks' '(Lorg/springframework/data/domain/Pageable;)Lorg/springframework/http/ResponseEntity;' in 'com/library/controller/BookController'
R9 =0x0000005bad0ff330 points into unknown readable memory: 0x000001b345c00ec8 | c8 0e c0 45 b3 01 00 00
R10=0x000001b33c5bdd40 points into unknown readable memory: 0x0000001e00000002 | 02 00 00 00 1e 00 00 00
R11={method} {0x000001b345c00ed0} 'listAllBooks' '(Lorg/springframework/data/domain/Pageable;)Lorg/springframework/http/ResponseEntity;' in 'com/library/controller/BookController'
R12=0x000001b345bbc0e8 is pointing into metadata
R13=0x00007ffdcf810000 jvm.dll
R14=0x0000005bad0ff360 points into unknown readable memory: 0x000001b345bbd0f8 | f8 d0 bb 45 b3 01 00 00
R15=0x000001b345c000f0 is pointing into metadata


Registers:
RAX=0x0000000000200000, RBX=0x000001b345c000f0, RCX=0x000001b345c02008, RDX=0x000000000000ffff
RSP=0x0000005bad0ff250, RBP=0x000001b345c000f0, RSI=0x000000000000ffff, RDI=0x000000000000ffff
R8 =0x000001b345c00ec8, R9 =0x0000005bad0ff330, R10=0x000001b33c5bdd40, R11=0x000001b345c00ec8
R12=0x000001b345bbc0e8, R13=0x00007ffdcf810000, R14=0x0000005bad0ff360, R15=0x000001b345c000f0
RIP=0x00007ffdcfa4ef29, EFLAGS=0x0000000000010206

Top of Stack: (sp=0x0000005bad0ff250)
0x0000005bad0ff250:   0000000000000000 0000005bad0ff309
0x0000005bad0ff260:   0000005bad0ff360 0000000000000012
0x0000005bad0ff270:   0000000000000003 00007ffdcfe3c973
0x0000005bad0ff280:   00000000000000b4 00007ffdcfb5c314
0x0000005bad0ff290:   0000005bad0ff330 0000000000000002
0x0000005bad0ff2a0:   000001b345bbc8e8 0000005b00000012
0x0000005bad0ff2b0:   0000005bad0ff330 00007ffdcf937a6e
0x0000005bad0ff2c0:   000001b345c00ec8 000001b345c008d0
0x0000005bad0ff2d0:   000001b345c000f0 000001b345c00e49
0x0000005bad0ff2e0:   00000000000000b4 00007ffdcfe3d331
0x0000005bad0ff2f0:   00000000000000b4 0000005bad0ff369
0x0000005bad0ff300:   00000000000000b4 0000000100414230
0x0000005bad0ff310:   000001b345bbc0e8 000001b345c000f0
0x0000005bad0ff320:   000001b345c00ec8 000001b33c58cfe0
0x0000005bad0ff330:   000001b345c00ec8 000001b33c58cfe0
0x0000005bad0ff340:   0000000400000001 000000b40000002b 

Instructions: (pc=0x00007ffdcfa4ef29)
0x00007ffdcfa4ee29:   cc cc cc cc cc cc cc 48 89 5c 24 10 48 89 74 24
0x00007ffdcfa4ee39:   18 57 48 83 ec 30 48 63 da 49 8b f0 48 8b f9 85
0x00007ffdcfa4ee49:   d2 79 24 4c 8d 0d 05 41 70 00 ba b4 02 00 00 4c
0x00007ffdcfa4ee59:   8d 05 31 41 70 00 48 8d 0d aa 40 70 00 e8 a5 79
0x00007ffdcfa4ee69:   00 00 e8 f0 81 43 00 48 8b 4f 10 48 85 c9 74 0f
0x00007ffdcfa4ee79:   48 8d 43 01 48 c1 e0 05 48 8b 04 08 0f b7 d8 48
0x00007ffdcfa4ee89:   63 c3 48 8d 54 24 40 48 89 7c 24 20 48 89 74 24
0x00007ffdcfa4ee99:   28 48 8b 8e 40 02 00 00 8b 5c c7 48 48 89 7c 24
0x00007ffdcfa4eea9:   40 e8 71 bb dc ff 0f b7 d3 48 8d 4c 24 20 4c 8b
0x00007ffdcfa4eeb9:   c6 e8 f1 fb ff ff 48 8d 4c 24 20 48 8b d8 e8 d4
0x00007ffdcfa4eec9:   d4 10 00 48 8b 74 24 50 48 8b c3 48 8b 5c 24 48
0x00007ffdcfa4eed9:   48 83 c4 30 5f c3 cc 48 89 5c 24 08 57 48 83 ec
0x00007ffdcfa4eee9:   20 48 63 fa 48 8b d9 85 d2 79 24 4c 8d 0d 5d 40
0x00007ffdcfa4eef9:   70 00 ba b4 02 00 00 4c 8d 05 89 40 70 00 48 8d
0x00007ffdcfa4ef09:   0d 02 40 70 00 e8 fd 78 00 00 e8 48 81 43 00 48
0x00007ffdcfa4ef19:   8b 4b 10 48 85 c9 74 0f 48 8d 47 01 48 c1 e0 05
0x00007ffdcfa4ef29:   48 8b 04 08 0f b7 f8 48 63 c7 0f b7 4c c3 48 0f
0x00007ffdcfa4ef39:   b7 44 cb 4a 48 8b 44 c3 48 48 8b 5c 24 30 48 83
0x00007ffdcfa4ef49:   c4 20 5f c3 cc cc cc 4c 8b 41 20 4d 8b 00 e9 64
0x00007ffdcfa4ef59:   02 00 00 cc cc cc cc 48 8b 49 20 48 8b 09 e9 24
0x00007ffdcfa4ef69:   59 00 00 cc cc cc cc 48 89 5c 24 18 56 57 41 56
0x00007ffdcfa4ef79:   48 83 ec 20 48 83 3d 3b b6 91 00 00 4c 8b f2 48
0x00007ffdcfa4ef89:   8b f9 74 0f 48 8b d1 48 8d 0d 51 3f 70 00 e8 d4
0x00007ffdcfa4ef99:   82 e6 ff 45 33 c0 41 8d 50 17 8d 4a 11 e8 f5 77
0x00007ffdcfa4efa9:   e6 ff 33 db 48 85 c0 74 22 48 8d 4f 08 89 58 08
0x00007ffdcfa4efb9:   48 89 48 20 48 8d 0d 0c 39 6d 00 48 89 08 88 58
0x00007ffdcfa4efc9:   0c 48 89 58 10 48 89 58 18 eb 03 48 8b c3 48 8b
0x00007ffdcfa4efd9:   d0 49 8b ce e8 ce 00 3e 00 45 33 c0 41 8d 50 17
0x00007ffdcfa4efe9:   8d 4a 11 e8 af 77 e6 ff 48 85 c0 74 27 48 8d 0d
0x00007ffdcfa4eff9:   23 44 70 00 c7 40 08 02 00 00 00 48 89 08 48 8d
0x00007ffdcfa4f009:   4f 10 48 89 48 20 c6 40 0c 00 48 89 58 10 48 89
0x00007ffdcfa4f019:   58 18 eb 03 48 8b c3 48 8b d0 49 8b ce e8 85 00 


Stack slot to memory mapping:
stack at sp + 0 slots: 0x0 is NULL
stack at sp + 1 slots: 0x0000005bad0ff309 points into unknown readable memory: 42 41 00 01 00 00 00
stack at sp + 2 slots: 0x0000005bad0ff360 points into unknown readable memory: 0x000001b345bbd0f8 | f8 d0 bb 45 b3 01 00 00
stack at sp + 3 slots: 0x0000000000000012 is an unknown value
stack at sp + 4 slots: 0x0000000000000003 is an unknown value
stack at sp + 5 slots: 0x00007ffdcfe3c973 jvm.dll
stack at sp + 6 slots: 0x00000000000000b4 is an unknown value
stack at sp + 7 slots: 0x00007ffdcfb5c314 jvm.dll

VM_Operation (0x0000005baddff1f0): RedefineClasses, mode: safepoint, requested by thread 0x000001b33c8137e0, redefining class com.library.controller.BookController



---------------  P R O C E S S  ---------------

Threads class SMR info:
_java_thread_list=0x000001b343f5dd50, length=39, elements={
0x000001b33c58e510, 0x000001b33c5d0050, 0x000001b33c613290, 0x000001b33c613b50,
0x000001b33c616e40, 0x000001b33c622440, 0x000001b33c629db0, 0x000001b33c62aac0,
0x000001b33c552dd0, 0x000001b33c8137e0, 0x000001b33c80ab30, 0x000001b33c80b9e0,
0x000001b3414412c0, 0x000001b3415a2650, 0x000001b3415b6280, 0x000001b3415934f0,
0x000001b341b48c30, 0x000001b341b49100, 0x000001b341b8b5e0, 0x000001b341b42600,
0x000001b3415c6a90, 0x000001b3415c82a0, 0x000001b3415c2730, 0x000001b3415c4410,
0x000001b3415c5750, 0x000001b3415c3f40, 0x000001b3415c7430, 0x000001b3415c30d0,
0x000001b3415c7900, 0x000001b3415c13f0, 0x000001b3415c18c0, 0x000001b3415c1d90,
0x000001b3415c48e0, 0x000001b3415c5280, 0x000001b3415c60f0, 0x000001b3415c5c20,
0x000001b341b43940, 0x000001b341b40920, 0x000001b341b42130
}

Java Threads: ( => current thread )
  0x000001b33c58e510 JavaThread "Reference Handler" daemon [_thread_blocked, id=22024, stack(0x0000005bad100000,0x0000005bad200000)]
  0x000001b33c5d0050 JavaThread "Finalizer" daemon [_thread_blocked, id=22244, stack(0x0000005bad200000,0x0000005bad300000)]
  0x000001b33c613290 JavaThread "Signal Dispatcher" daemon [_thread_blocked, id=11428, stack(0x0000005bad300000,0x0000005bad400000)]
  0x000001b33c613b50 JavaThread "Attach Listener" daemon [_thread_blocked, id=27100, stack(0x0000005bad400000,0x0000005bad500000)]
  0x000001b33c616e40 JavaThread "Service Thread" daemon [_thread_blocked, id=25996, stack(0x0000005bad500000,0x0000005bad600000)]
  0x000001b33c622440 JavaThread "Monitor Deflation Thread" daemon [_thread_blocked, id=3436, stack(0x0000005bad600000,0x0000005bad700000)]
  0x000001b33c629db0 JavaThread "C1 CompilerThread0" daemon [_thread_blocked, id=15604, stack(0x0000005bad700000,0x0000005bad800000)]
  0x000001b33c62aac0 JavaThread "Sweeper thread" daemon [_thread_blocked, id=8888, stack(0x0000005bad800000,0x0000005bad900000)]
  0x000001b33c552dd0 JavaThread "Common-Cleaner" daemon [_thread_blocked, id=4800, stack(0x0000005bad900000,0x0000005bada00000)]
  0x000001b33c8137e0 JavaThread "JDWP Transport Listener: dt_socket" daemon [_thread_blocked, id=28512, stack(0x0000005badd00000,0x0000005bade00000)]
  0x000001b33c80ab30 JavaThread "JDWP Event Helper Thread" daemon [_thread_blocked, id=25860, stack(0x0000005bade00000,0x0000005badf00000)]
  0x000001b33c80b9e0 JavaThread "JDWP Command Reader" daemon [_thread_in_native, id=25396, stack(0x0000005badf00000,0x0000005bae000000)]
  0x000001b3414412c0 JavaThread "Notification Thread" daemon [_thread_blocked, id=24512, stack(0x0000005bae000000,0x0000005bae100000)]
  0x000001b3415a2650 JavaThread "RMI TCP Accept-0" daemon [_thread_in_native, id=21844, stack(0x0000005bae100000,0x0000005bae200000)]
  0x000001b3415b6280 JavaThread "RMI TCP Accept-56153" daemon [_thread_in_native, id=12340, stack(0x0000005bae200000,0x0000005bae300000)]
  0x000001b3415934f0 JavaThread "RMI TCP Accept-0" daemon [_thread_in_native, id=11788, stack(0x0000005bae300000,0x0000005bae400000)]
  0x000001b341b48c30 JavaThread "RMI Scheduler(0)" daemon [_thread_blocked, id=14696, stack(0x0000005baee00000,0x0000005baef00000)]
  0x000001b341b49100 JavaThread "RMI TCP Connection(idle)" daemon [_thread_blocked, id=12092, stack(0x0000005baef00000,0x0000005baf000000)]
  0x000001b341b8b5e0 JavaThread "JMX server connection timeout 25" daemon [_thread_blocked, id=3236, stack(0x0000005baf000000,0x0000005baf100000)]
  0x000001b341b42600 JavaThread "mysql-cj-abandoned-connection-cleanup" daemon [_thread_blocked, id=28352, stack(0x0000005baf700000,0x0000005baf800000)]
  0x000001b3415c6a90 JavaThread "Live Reload Server" daemon [_thread_in_native, id=17680, stack(0x0000005bafc00000,0x0000005bafd00000)]
  0x000001b3415c82a0 JavaThread "DestroyJavaVM" [_thread_blocked, id=11268, stack(0x0000005baca00000,0x0000005bacb00000)]
  0x000001b3415c2730 JavaThread "Catalina-utility-1" [_thread_blocked, id=7992, stack(0x0000005bada00000,0x0000005badb00000)]
  0x000001b3415c4410 JavaThread "Catalina-utility-2" [_thread_blocked, id=28232, stack(0x0000005badc00000,0x0000005badd00000)]
  0x000001b3415c5750 JavaThread "container-0" [_thread_blocked, id=10772, stack(0x0000005baf400000,0x0000005baf500000)]
  0x000001b3415c3f40 JavaThread "HikariPool-5 housekeeper" daemon [_thread_blocked, id=6452, stack(0x0000005baf500000,0x0000005baf600000)]
  0x000001b3415c7430 JavaThread "File Watcher" daemon [_thread_blocked, id=3984, stack(0x0000005baf800000,0x0000005baf900000)]
  0x000001b3415c30d0 JavaThread "http-nio-8081-exec-1" daemon [_thread_blocked, id=2744, stack(0x0000005baf900000,0x0000005bafa00000)]
  0x000001b3415c7900 JavaThread "http-nio-8081-exec-2" daemon [_thread_blocked, id=27000, stack(0x0000005bafa00000,0x0000005bafb00000)]
  0x000001b3415c13f0 JavaThread "http-nio-8081-exec-3" daemon [_thread_blocked, id=25876, stack(0x0000005bafb00000,0x0000005bafc00000)]
  0x000001b3415c18c0 JavaThread "http-nio-8081-exec-4" daemon [_thread_blocked, id=26812, stack(0x0000005bafd00000,0x0000005bafe00000)]
  0x000001b3415c1d90 JavaThread "http-nio-8081-exec-5" daemon [_thread_blocked, id=9904, stack(0x0000005bafe00000,0x0000005baff00000)]
  0x000001b3415c48e0 JavaThread "http-nio-8081-exec-6" daemon [_thread_blocked, id=12604, stack(0x0000005baff00000,0x0000005bb0000000)]
  0x000001b3415c5280 JavaThread "http-nio-8081-exec-7" daemon [_thread_blocked, id=20720, stack(0x0000005bb0000000,0x0000005bb0100000)]
  0x000001b3415c60f0 JavaThread "http-nio-8081-exec-8" daemon [_thread_blocked, id=27636, stack(0x0000005bb0100000,0x0000005bb0200000)]
  0x000001b3415c5c20 JavaThread "http-nio-8081-exec-9" daemon [_thread_blocked, id=19032, stack(0x0000005bb0200000,0x0000005bb0300000)]
  0x000001b341b43940 JavaThread "http-nio-8081-exec-10" daemon [_thread_blocked, id=9708, stack(0x0000005bb0300000,0x0000005bb0400000)]
  0x000001b341b40920 JavaThread "http-nio-8081-Poller" daemon [_thread_in_native, id=14388, stack(0x0000005bb0400000,0x0000005bb0500000)]
  0x000001b341b42130 JavaThread "http-nio-8081-Acceptor" daemon [_thread_in_native, id=28048, stack(0x0000005bb0500000,0x0000005bb0600000)]

Other Threads:
=>0x000001b33c58cfe0 VMThread "VM Thread" [stack: 0x0000005bad000000,0x0000005bad100000] [id=25164]
  0x000001b34155ff80 WatcherThread [stack: 0x0000005bae400000,0x0000005bae500000] [id=19164]
  0x000001b32e9a20c0 GCTaskThread "GC Thread#0" [stack: 0x0000005bacb00000,0x0000005bacc00000] [id=22960]
  0x000001b3416b1c50 GCTaskThread "GC Thread#1" [stack: 0x0000005bae500000,0x0000005bae600000] [id=3584]
  0x000001b3416e6a10 GCTaskThread "GC Thread#2" [stack: 0x0000005bae600000,0x0000005bae700000] [id=10888]
  0x000001b3416e6cc0 GCTaskThread "GC Thread#3" [stack: 0x0000005bae700000,0x0000005bae800000] [id=17660]
  0x000001b3416f9c40 GCTaskThread "GC Thread#4" [stack: 0x0000005bae800000,0x0000005bae900000] [id=9840]
  0x000001b3416f9ef0 GCTaskThread "GC Thread#5" [stack: 0x0000005bae900000,0x0000005baea00000] [id=4036]
  0x000001b3416fb1b0 GCTaskThread "GC Thread#6" [stack: 0x0000005baea00000,0x0000005baeb00000] [id=15104]
  0x000001b3416fb460 GCTaskThread "GC Thread#7" [stack: 0x0000005baeb00000,0x0000005baec00000] [id=15472]
  0x000001b32e9b2fa0 ConcurrentGCThread "G1 Main Marker" [stack: 0x0000005bacc00000,0x0000005bacd00000] [id=6400]
  0x000001b32e9b39b0 ConcurrentGCThread "G1 Conc#0" [stack: 0x0000005bacd00000,0x0000005bace00000] [id=592]
  0x000001b341c84620 ConcurrentGCThread "G1 Conc#1" [stack: 0x0000005baf300000,0x0000005baf400000] [id=18896]
  0x000001b33c411d40 ConcurrentGCThread "G1 Refine#0" [stack: 0x0000005bace00000,0x0000005bacf00000] [id=2692]
  0x000001b33c98b3e0 ConcurrentGCThread "G1 Refine#1" [stack: 0x0000005baec00000,0x0000005baed00000] [id=16024]
  0x000001b32e9eea70 ConcurrentGCThread "G1 Service" [stack: 0x0000005bacf00000,0x0000005bad000000] [id=23148]

Threads with active compile tasks:

VM state: at safepoint (normal execution)

VM Mutex/Monitor currently owned by a thread:  ([mutex/lock_event])
[0x000001b32e942ca0] Threads_lock - owner thread: 0x000001b33c58cfe0

Heap address: 0x0000000084000000, size: 1984 MB, Compressed Oops mode: 32-bit

CDS archive(s) not mapped
Compressed class space mapped at: 0x0000000100000000-0x0000000140000000, reserved size: 1073741824
Narrow klass base: 0x0000000000000000, Narrow klass shift: 3, Narrow klass range: 0x140000000

GC Precious Log:
 CPUs: 8 total, 8 available
 Memory: 7932M
 Large Page Support: Disabled
 NUMA Support: Disabled
 Compressed Oops: Enabled (32-bit)
 Heap Region Size: 1M
 Heap Min Capacity: 8M
 Heap Initial Capacity: 124M
 Heap Max Capacity: 1984M
 Pre-touch: Disabled
 Parallel Workers: 8
 Concurrent Workers: 2
 Concurrent Refinement Workers: 8
 Periodic GC: Disabled

Heap:
 garbage-first heap   total 96256K, used 49934K [0x0000000084000000, 0x0000000100000000)
  region size 1024K, 15 young (15360K), 3 survivors (3072K)
 Metaspace       used 89643K, committed 90432K, reserved 1179648K
  class space    used 12132K, committed 12544K, reserved 1048576K

Heap Regions: E=young(eden), S=young(survivor), O=old, HS=humongous(starts), HC=humongous(continues), CS=collection set, F=free, OA=open archive, CA=closed archive, TAMS=top-at-mark-start (previous, next)
|   0|0x0000000084000000, 0x0000000084100000, 0x0000000084100000|100%|HS|  |TAMS 0x0000000084100000, 0x0000000084000000| Untracked 
|   1|0x0000000084100000, 0x0000000084200000, 0x0000000084200000|100%|HS|  |TAMS 0x0000000084200000, 0x0000000084100000| Untracked 
|   2|0x0000000084200000, 0x00000000842fffe8, 0x0000000084300000| 99%| O|  |TAMS 0x00000000842fffe8, 0x0000000084200000| Untracked 
|   3|0x0000000084300000, 0x00000000843ffff8, 0x0000000084400000| 99%| O|  |TAMS 0x00000000843ffff8, 0x0000000084300000| Untracked 
|   4|0x0000000084400000, 0x0000000084500000, 0x0000000084500000|100%| O|  |TAMS 0x0000000084500000, 0x0000000084400000| Untracked 
|   5|0x0000000084500000, 0x0000000084600000, 0x0000000084600000|100%| O|  |TAMS 0x0000000084600000, 0x0000000084500000| Untracked 
|   6|0x0000000084600000, 0x0000000084700000, 0x0000000084700000|100%| O|  |TAMS 0x0000000084700000, 0x0000000084600000| Untracked 
|   7|0x0000000084700000, 0x00000000847fffe8, 0x0000000084800000| 99%| O|  |TAMS 0x00000000847fffe8, 0x0000000084700000| Untracked 
|   8|0x0000000084800000, 0x00000000848fcea0, 0x0000000084900000| 98%| O|  |TAMS 0x00000000848fcea0, 0x0000000084800000| Untracked 
|   9|0x0000000084900000, 0x00000000849ffff0, 0x0000000084a00000| 99%| O|  |TAMS 0x00000000849ffff0, 0x0000000084900000| Untracked 
|  10|0x0000000084a00000, 0x0000000084affff8, 0x0000000084b00000| 99%| O|  |TAMS 0x0000000084affff8, 0x0000000084a00000| Untracked 
|  11|0x0000000084b00000, 0x0000000084bffff8, 0x0000000084c00000| 99%| O|  |TAMS 0x0000000084bffff8, 0x0000000084b00000| Untracked 
|  12|0x0000000084c00000, 0x0000000084cffff0, 0x0000000084d00000| 99%| O|  |TAMS 0x0000000084cffff0, 0x0000000084c00000| Untracked 
|  13|0x0000000084d00000, 0x0000000084dffff0, 0x0000000084e00000| 99%| O|  |TAMS 0x0000000084dffff0, 0x0000000084d00000| Untracked 
|  14|0x0000000084e00000, 0x0000000084effff0, 0x0000000084f00000| 99%| O|  |TAMS 0x0000000084e00000, 0x0000000084e00000| Untracked 
|  15|0x0000000084f00000, 0x0000000084ffffe8, 0x0000000085000000| 99%| O|  |TAMS 0x0000000084ffffe8, 0x0000000084f00000| Untracked 
|  16|0x0000000085000000, 0x0000000085100000, 0x0000000085100000|100%| O|  |TAMS 0x0000000085100000, 0x0000000085000000| Untracked 
|  17|0x0000000085100000, 0x00000000851fffe8, 0x0000000085200000| 99%| O|  |TAMS 0x00000000851fffe8, 0x0000000085100000| Untracked 
|  18|0x0000000085200000, 0x00000000852fffb0, 0x0000000085300000| 99%| O|  |TAMS 0x00000000852fffb0, 0x0000000085200000| Untracked 
|  19|0x0000000085300000, 0x00000000853fffc8, 0x0000000085400000| 99%| O|  |TAMS 0x0000000085300000, 0x0000000085300000| Untracked 
|  20|0x0000000085400000, 0x0000000085500000, 0x0000000085500000|100%| O|  |TAMS 0x0000000085400000, 0x0000000085400000| Untracked 
|  21|0x0000000085500000, 0x00000000855fffb8, 0x0000000085600000| 99%| O|  |TAMS 0x0000000085500000, 0x0000000085500000| Untracked 
|  22|0x0000000085600000, 0x00000000856fffb0, 0x0000000085700000| 99%| O|  |TAMS 0x0000000085600000, 0x0000000085600000| Untracked 
|  23|0x0000000085700000, 0x00000000857fffd8, 0x0000000085800000| 99%| O|  |TAMS 0x0000000085700000, 0x0000000085700000| Untracked 
|  24|0x0000000085800000, 0x0000000085876030, 0x0000000085900000| 46%| O|  |TAMS 0x0000000085800000, 0x0000000085800000| Untracked 
|  25|0x0000000085900000, 0x00000000859fff78, 0x0000000085a00000| 99%| O|  |TAMS 0x0000000085900000, 0x0000000085900000| Untracked 
|  26|0x0000000085a00000, 0x0000000085b00000, 0x0000000085b00000|100%| O|  |TAMS 0x0000000085a00000, 0x0000000085a00000| Untracked 
|  27|0x0000000085b00000, 0x0000000085bfffe0, 0x0000000085c00000| 99%| O|  |TAMS 0x0000000085b00000, 0x0000000085b00000| Untracked 
|  28|0x0000000085c00000, 0x0000000085d00000, 0x0000000085d00000|100%| O|  |TAMS 0x0000000085c00000, 0x0000000085c00000| Untracked 
|  29|0x0000000085d00000, 0x0000000085d71ae8, 0x0000000085e00000| 44%| O|  |TAMS 0x0000000085d00000, 0x0000000085d00000| Untracked 
|  30|0x0000000085e00000, 0x0000000085f00000, 0x0000000085f00000|100%| O|  |TAMS 0x0000000085e00000, 0x0000000085e00000| Untracked 
|  31|0x0000000085f00000, 0x0000000085f692b8, 0x0000000086000000| 41%| O|  |TAMS 0x0000000085f00000, 0x0000000085f00000| Untracked 
|  32|0x0000000086000000, 0x0000000086100000, 0x0000000086100000|100%| O|  |TAMS 0x0000000086000000, 0x0000000086000000| Untracked 
|  33|0x0000000086100000, 0x0000000086200000, 0x0000000086200000|100%| O|  |TAMS 0x0000000086100000, 0x0000000086100000| Untracked 
|  34|0x0000000086200000, 0x0000000086300000, 0x0000000086300000|100%| O|  |TAMS 0x0000000086200000, 0x0000000086200000| Untracked 
|  35|0x0000000086300000, 0x0000000086400000, 0x0000000086400000|100%| O|  |TAMS 0x0000000086300000, 0x0000000086300000| Untracked 
|  36|0x0000000086400000, 0x00000000864a8200, 0x0000000086500000| 65%| O|  |TAMS 0x0000000086400000, 0x0000000086400000| Untracked 
|  37|0x0000000086500000, 0x0000000086500000, 0x0000000086600000|  0%| F|  |TAMS 0x0000000086500000, 0x0000000086500000| Untracked 
|  38|0x0000000086600000, 0x0000000086600000, 0x0000000086700000|  0%| F|  |TAMS 0x0000000086600000, 0x0000000086600000| Untracked 
|  39|0x0000000086700000, 0x0000000086700000, 0x0000000086800000|  0%| F|  |TAMS 0x0000000086700000, 0x0000000086700000| Untracked 
|  40|0x0000000086800000, 0x0000000086800000, 0x0000000086900000|  0%| F|  |TAMS 0x0000000086800000, 0x0000000086800000| Untracked 
|  41|0x0000000086900000, 0x0000000086900000, 0x0000000086a00000|  0%| F|  |TAMS 0x0000000086900000, 0x0000000086900000| Untracked 
|  42|0x0000000086a00000, 0x0000000086a00000, 0x0000000086b00000|  0%| F|  |TAMS 0x0000000086a00000, 0x0000000086a00000| Untracked 
|  43|0x0000000086b00000, 0x0000000086b00000, 0x0000000086c00000|  0%| F|  |TAMS 0x0000000086b00000, 0x0000000086b00000| Untracked 
|  44|0x0000000086c00000, 0x0000000086c00000, 0x0000000086d00000|  0%| F|  |TAMS 0x0000000086c00000, 0x0000000086c00000| Untracked 
|  45|0x0000000086d00000, 0x0000000086d42ed8, 0x0000000086e00000| 26%| O|  |TAMS 0x0000000086d00000, 0x0000000086d00000| Untracked 
|  46|0x0000000086e00000, 0x0000000086e3d190, 0x0000000086f00000| 23%| O|  |TAMS 0x0000000086e00000, 0x0000000086e00000| Untracked 
|  47|0x0000000086f00000, 0x0000000086f00000, 0x0000000087000000|  0%| F|  |TAMS 0x0000000086f00000, 0x0000000086f00000| Untracked 
|  48|0x0000000087000000, 0x0000000087000000, 0x0000000087100000|  0%| F|  |TAMS 0x0000000087000000, 0x0000000087000000| Untracked 
|  49|0x0000000087100000, 0x0000000087100000, 0x0000000087200000|  0%| F|  |TAMS 0x0000000087100000, 0x0000000087100000| Untracked 
|  50|0x0000000087200000, 0x0000000087200000, 0x0000000087300000|  0%| F|  |TAMS 0x0000000087200000, 0x0000000087200000| Untracked 
|  51|0x0000000087300000, 0x0000000087300000, 0x0000000087400000|  0%| F|  |TAMS 0x0000000087300000, 0x0000000087300000| Untracked 
|  52|0x0000000087400000, 0x0000000087400000, 0x0000000087500000|  0%| F|  |TAMS 0x0000000087400000, 0x0000000087400000| Untracked 
|  53|0x0000000087500000, 0x000000008754df58, 0x0000000087600000| 30%| S|CS|TAMS 0x0000000087500000, 0x0000000087500000| Complete 
|  54|0x0000000087600000, 0x0000000087600000, 0x0000000087700000|  0%| F|  |TAMS 0x0000000087600000, 0x0000000087600000| Untracked 
|  55|0x0000000087700000, 0x0000000087700000, 0x0000000087800000|  0%| F|  |TAMS 0x0000000087700000, 0x0000000087700000| Untracked 
|  56|0x0000000087800000, 0x0000000087800000, 0x0000000087900000|  0%| F|  |TAMS 0x0000000087800000, 0x0000000087800000| Untracked 
|  57|0x0000000087900000, 0x0000000087a00000, 0x0000000087a00000|100%| S|CS|TAMS 0x0000000087900000, 0x0000000087900000| Complete 
|  58|0x0000000087a00000, 0x0000000087b00000, 0x0000000087b00000|100%| S|CS|TAMS 0x0000000087a00000, 0x0000000087a00000| Complete 
|  59|0x0000000087b00000, 0x0000000087b00000, 0x0000000087c00000|  0%| F|  |TAMS 0x0000000087b00000, 0x0000000087b00000| Untracked 
|  60|0x0000000087c00000, 0x0000000087c00000, 0x0000000087d00000|  0%| F|  |TAMS 0x0000000087c00000, 0x0000000087c00000| Untracked 
|  61|0x0000000087d00000, 0x0000000087d00000, 0x0000000087e00000|  0%| F|  |TAMS 0x0000000087d00000, 0x0000000087d00000| Untracked 
|  62|0x0000000087e00000, 0x0000000087e00000, 0x0000000087f00000|  0%| F|  |TAMS 0x0000000087e00000, 0x0000000087e00000| Untracked 
|  63|0x0000000087f00000, 0x0000000087f00000, 0x0000000088000000|  0%| F|  |TAMS 0x0000000087f00000, 0x0000000087f00000| Untracked 
|  64|0x0000000088000000, 0x0000000088000000, 0x0000000088100000|  0%| F|  |TAMS 0x0000000088000000, 0x0000000088000000| Untracked 
|  65|0x0000000088100000, 0x0000000088100000, 0x0000000088200000|  0%| F|  |TAMS 0x0000000088100000, 0x0000000088100000| Untracked 
|  66|0x0000000088200000, 0x0000000088200000, 0x0000000088300000|  0%| F|  |TAMS 0x0000000088200000, 0x0000000088200000| Untracked 
|  67|0x0000000088300000, 0x0000000088300000, 0x0000000088400000|  0%| F|  |TAMS 0x0000000088300000, 0x0000000088300000| Untracked 
|  68|0x0000000088400000, 0x0000000088400000, 0x0000000088500000|  0%| F|  |TAMS 0x0000000088400000, 0x0000000088400000| Untracked 
|  69|0x0000000088500000, 0x0000000088500000, 0x0000000088600000|  0%| F|  |TAMS 0x0000000088500000, 0x0000000088500000| Untracked 
|  70|0x0000000088600000, 0x0000000088600000, 0x0000000088700000|  0%| F|  |TAMS 0x0000000088600000, 0x0000000088600000| Untracked 
|  71|0x0000000088700000, 0x0000000088700000, 0x0000000088800000|  0%| F|  |TAMS 0x0000000088700000, 0x0000000088700000| Untracked 
|  72|0x0000000088800000, 0x0000000088800000, 0x0000000088900000|  0%| F|  |TAMS 0x0000000088800000, 0x0000000088800000| Untracked 
|  73|0x0000000088900000, 0x0000000088900000, 0x0000000088a00000|  0%| F|  |TAMS 0x0000000088900000, 0x0000000088900000| Untracked 
|  74|0x0000000088a00000, 0x0000000088a00000, 0x0000000088b00000|  0%| F|  |TAMS 0x0000000088a00000, 0x0000000088a00000| Untracked 
|  75|0x0000000088b00000, 0x0000000088b00000, 0x0000000088c00000|  0%| F|  |TAMS 0x0000000088b00000, 0x0000000088b00000| Untracked 
|  76|0x0000000088c00000, 0x0000000088c00000, 0x0000000088d00000|  0%| F|  |TAMS 0x0000000088c00000, 0x0000000088c00000| Untracked 
|  77|0x0000000088d00000, 0x0000000088d00000, 0x0000000088e00000|  0%| F|  |TAMS 0x0000000088d00000, 0x0000000088d00000| Untracked 
|  78|0x0000000088e00000, 0x0000000088e00000, 0x0000000088f00000|  0%| F|  |TAMS 0x0000000088e00000, 0x0000000088e00000| Untracked 
|  79|0x0000000088f00000, 0x0000000088f00000, 0x0000000089000000|  0%| F|  |TAMS 0x0000000088f00000, 0x0000000088f00000| Untracked 
|  80|0x0000000089000000, 0x0000000089000000, 0x0000000089100000|  0%| F|  |TAMS 0x0000000089000000, 0x0000000089000000| Untracked 
|  81|0x0000000089100000, 0x0000000089100000, 0x0000000089200000|  0%| F|  |TAMS 0x0000000089100000, 0x0000000089100000| Untracked 
|  82|0x0000000089200000, 0x000000008924e6e0, 0x0000000089300000| 30%| E|  |TAMS 0x0000000089200000, 0x0000000089200000| Complete 
|  83|0x0000000089300000, 0x0000000089400000, 0x0000000089400000|100%| E|CS|TAMS 0x0000000089300000, 0x0000000089300000| Complete 
|  84|0x0000000089400000, 0x0000000089500000, 0x0000000089500000|100%| E|CS|TAMS 0x0000000089400000, 0x0000000089400000| Complete 
|  85|0x0000000089500000, 0x0000000089600000, 0x0000000089600000|100%| E|CS|TAMS 0x0000000089500000, 0x0000000089500000| Complete 
|  86|0x0000000089600000, 0x0000000089700000, 0x0000000089700000|100%| E|CS|TAMS 0x0000000089600000, 0x0000000089600000| Complete 
|  87|0x0000000089700000, 0x0000000089800000, 0x0000000089800000|100%| E|CS|TAMS 0x0000000089700000, 0x0000000089700000| Complete 
|  88|0x0000000089800000, 0x0000000089900000, 0x0000000089900000|100%| E|CS|TAMS 0x0000000089800000, 0x0000000089800000| Complete 
|  89|0x0000000089900000, 0x0000000089a00000, 0x0000000089a00000|100%| E|CS|TAMS 0x0000000089900000, 0x0000000089900000| Complete 
|  90|0x0000000089a00000, 0x0000000089b00000, 0x0000000089b00000|100%| E|CS|TAMS 0x0000000089a00000, 0x0000000089a00000| Complete 
|  91|0x0000000089b00000, 0x0000000089c00000, 0x0000000089c00000|100%| E|CS|TAMS 0x0000000089b00000, 0x0000000089b00000| Complete 
|  92|0x0000000089c00000, 0x0000000089d00000, 0x0000000089d00000|100%| E|CS|TAMS 0x0000000089c00000, 0x0000000089c00000| Complete 
|  93|0x0000000089d00000, 0x0000000089e00000, 0x0000000089e00000|100%| E|CS|TAMS 0x0000000089d00000, 0x0000000089d00000| Complete 

Card table byte_map: [0x000001b3354d0000,0x000001b3358b0000] _byte_map_base: 0x000001b3350b0000

Marking Bits (Prev, Next): (CMBitMap*) 0x000001b32e9a2710, (CMBitMap*) 0x000001b32e9a26d0
 Prev Bits: [0x000001b337b90000, 0x000001b339a90000)
 Next Bits: [0x000001b335c90000, 0x000001b337b90000)

Polling page: 0x000001b32c8d0000

Metaspace:

Usage:
  Non-class:     75.69 MB used.
      Class:     11.85 MB used.
       Both:     87.54 MB used.

Virtual space:
  Non-class space:      128.00 MB reserved,      76.06 MB ( 59%) committed,  2 nodes.
      Class space:        1.00 GB reserved,      12.25 MB (  1%) committed,  1 nodes.
             Both:        1.12 GB reserved,      88.31 MB (  8%) committed. 

Chunk freelists:
   Non-Class:  3.95 MB
       Class:  3.80 MB
        Both:  7.76 MB

MaxMetaspaceSize: unlimited
CompressedClassSpaceSize: 1.00 GB
Initial GC threshold: 21.00 MB
Current GC threshold: 146.56 MB
CDS: off
MetaspaceReclaimPolicy: balanced
 - commit_granule_bytes: 65536.
 - commit_granule_words: 8192.
 - virtual_space_node_default_size: 8388608.
 - enlarge_chunks_in_place: 1.
 - new_chunks_are_fully_committed: 0.
 - uncommit_free_chunks: 1.
 - use_allocation_guard: 0.
 - handle_deallocations: 1.


Internal statistics:

num_allocs_failed_limit: 9.
num_arena_births: 1448.
num_arena_deaths: 394.
num_vsnodes_births: 3.
num_vsnodes_deaths: 0.
num_space_committed: 1413.
num_space_uncommitted: 0.
num_chunks_returned_to_freelist: 462.
num_chunks_taken_from_freelist: 4634.
num_chunk_merges: 157.
num_chunk_splits: 3075.
num_chunks_enlarged: 2285.
num_inconsistent_stats: 0.

CodeCache: size=49152Kb used=19708Kb max_used=21163Kb free=29443Kb
 bounds [0x000001b331fe0000, 0x000001b3334b0000, 0x000001b334fe0000]
 total_blobs=11599 nmethods=10874 adapters=650
 compilation: enabled
              stopped_count=0, restarted_count=0
 full_count=0

Compilation events (20 events):
Event: 1398.255 Thread 0x000001b33c629db0 10865       1       org.hibernate.tuple.entity.EntityMetamodel::getPropertyNames (5 bytes)
Event: 1398.255 Thread 0x000001b33c629db0 nmethod 10865 0x000001b333499690 code [0x000001b333499820, 0x000001b3334998f8]
Event: 1398.257 Thread 0x000001b33c629db0 10866       1       org.jboss.logging.DelegatingBasicLogger::tracev (17 bytes)
Event: 1398.257 Thread 0x000001b33c629db0 nmethod 10866 0x000001b333499010 code [0x000001b3334991c0, 0x000001b333499498]
Event: 1398.257 Thread 0x000001b33c629db0 10867       1       org.jboss.logging.Logger::logv (27 bytes)
Event: 1398.257 Thread 0x000001b33c629db0 nmethod 10867 0x000001b333498a10 code [0x000001b333498bc0, 0x000001b333498e78]
Event: 1398.258 Thread 0x000001b33c629db0 10868       1       org.h2.mvstore.tx.TransactionMap::getInstance (9 bytes)
Event: 1398.258 Thread 0x000001b33c629db0 nmethod 10868 0x000001b333498690 code [0x000001b333498820, 0x000001b333498928]
Event: 1398.260 Thread 0x000001b33c629db0 10869       1       com.fasterxml.jackson.databind.ser.impl.ReadOnlyClassToSerializerMap::untypedValueSerializer (58 bytes)
Event: 1398.261 Thread 0x000001b33c629db0 nmethod 10869 0x000001b333498010 code [0x000001b3334981e0, 0x000001b333498498]
Event: 1398.261 Thread 0x000001b33c629db0 10870       1       org.apache.coyote.Response::setContentTypeNoCharset (6 bytes)
Event: 1398.261 Thread 0x000001b33c629db0 nmethod 10870 0x000001b333497d10 code [0x000001b333497ea0, 0x000001b333497fb8]
Event: 1398.262 Thread 0x000001b33c629db0 10871   !   1       org.apache.coyote.http11.Http11OutputBuffer$SocketOutputBuffer::doWrite (88 bytes)
Event: 1398.263 Thread 0x000001b33c629db0 nmethod 10871 0x000001b333497390 code [0x000001b333497580, 0x000001b3334978c8]
Event: 1501.135 Thread 0x000001b33c629db0 10872       1       java.io.ObjectStreamClass::lookup (26 bytes)
Event: 1501.136 Thread 0x000001b33c629db0 nmethod 10872 0x000001b333496f90 code [0x000001b333497140, 0x000001b3334972b8]
Event: 1531.138 Thread 0x000001b33c629db0 10873   !   1       sun.nio.ch.NioSocketImpl::tryRead (87 bytes)
Event: 1531.139 Thread 0x000001b33c629db0 nmethod 10873 0x000001b333496910 code [0x000001b333496b00, 0x000001b333496d78]
Event: 1621.423 Thread 0x000001b33c629db0 10874       1       java.io.BufferedInputStream::fill (203 bytes)
Event: 1621.425 Thread 0x000001b33c629db0 nmethod 10874 0x000001b333495d90 code [0x000001b333495fa0, 0x000001b333496668]

GC Heap History (20 events):
Event: 1009.187 GC heap before
{Heap before GC invocations=32 (full 1):
 garbage-first heap   total 96256K, used 51025K [0x0000000084000000, 0x0000000100000000)
  region size 1024K, 18 young (18432K), 4 survivors (4096K)
 Metaspace       used 88785K, committed 89536K, reserved 1179648K
  class space    used 12060K, committed 12416K, reserved 1048576K
}
Event: 1009.243 GC heap after
{Heap after GC invocations=33 (full 2):
 garbage-first heap   total 96256K, used 26863K [0x0000000084000000, 0x0000000100000000)
  region size 1024K, 0 young (0K), 0 survivors (0K)
 Metaspace       used 88664K, committed 89536K, reserved 1179648K
  class space    used 12034K, committed 12416K, reserved 1048576K
}
Event: 1011.136 GC heap before
{Heap before GC invocations=33 (full 2):
 garbage-first heap   total 96256K, used 71919K [0x0000000084000000, 0x0000000100000000)
  region size 1024K, 45 young (46080K), 0 survivors (0K)
 Metaspace       used 88760K, committed 89536K, reserved 1179648K
  class space    used 12048K, committed 12416K, reserved 1048576K
}
Event: 1011.141 GC heap after
{Heap after GC invocations=34 (full 2):
 garbage-first heap   total 96256K, used 31421K [0x0000000084000000, 0x0000000100000000)
  region size 1024K, 5 young (5120K), 5 survivors (5120K)
 Metaspace       used 88760K, committed 89536K, reserved 1179648K
  class space    used 12048K, committed 12416K, reserved 1048576K
}
Event: 1012.247 GC heap before
{Heap before GC invocations=34 (full 2):
 garbage-first heap   total 96256K, used 73405K [0x0000000084000000, 0x0000000100000000)
  region size 1024K, 46 young (47104K), 5 survivors (5120K)
 Metaspace       used 88969K, committed 89664K, reserved 1179648K
  class space    used 12064K, committed 12416K, reserved 1048576K
}
Event: 1012.262 GC heap after
{Heap after GC invocations=35 (full 2):
 garbage-first heap   total 96256K, used 36736K [0x0000000084000000, 0x0000000100000000)
  region size 1024K, 6 young (6144K), 6 survivors (6144K)
 Metaspace       used 88969K, committed 89664K, reserved 1179648K
  class space    used 12064K, committed 12416K, reserved 1048576K
}
Event: 1057.090 GC heap before
{Heap before GC invocations=35 (full 2):
 garbage-first heap   total 96256K, used 57216K [0x0000000084000000, 0x0000000100000000)
  region size 1024K, 27 young (27648K), 6 survivors (6144K)
 Metaspace       used 88998K, committed 89728K, reserved 1179648K
  class space    used 12071K, committed 12416K, reserved 1048576K
}
Event: 1057.136 GC heap after
{Heap after GC invocations=36 (full 3):
 garbage-first heap   total 96256K, used 30178K [0x0000000084000000, 0x0000000100000000)
  region size 1024K, 0 young (0K), 0 survivors (0K)
 Metaspace       used 88985K, committed 89728K, reserved 1179648K
  class space    used 12069K, committed 12416K, reserved 1048576K
}
Event: 1058.044 GC heap before
{Heap before GC invocations=36 (full 3):
 garbage-first heap   total 96256K, used 70114K [0x0000000084000000, 0x0000000100000000)
  region size 1024K, 40 young (40960K), 0 survivors (0K)
 Metaspace       used 89055K, committed 89728K, reserved 1179648K
  class space    used 12079K, committed 12416K, reserved 1048576K
}
Event: 1058.047 GC heap after
{Heap after GC invocations=37 (full 3):
 garbage-first heap   total 96256K, used 34153K [0x0000000084000000, 0x0000000100000000)
  region size 1024K, 4 young (4096K), 4 survivors (4096K)
 Metaspace       used 89055K, committed 89728K, reserved 1179648K
  class space    used 12079K, committed 12416K, reserved 1048576K
}
Event: 1059.589 GC heap before
{Heap before GC invocations=37 (full 3):
 garbage-first heap   total 96256K, used 71017K [0x0000000084000000, 0x0000000100000000)
  region size 1024K, 41 young (41984K), 4 survivors (4096K)
 Metaspace       used 89271K, committed 90048K, reserved 1179648K
  class space    used 12096K, committed 12480K, reserved 1048576K
}
Event: 1059.594 GC heap after
{Heap after GC invocations=38 (full 3):
 garbage-first heap   total 96256K, used 36493K [0x0000000084000000, 0x0000000100000000)
  region size 1024K, 4 young (4096K), 4 survivors (4096K)
 Metaspace       used 89271K, committed 90048K, reserved 1179648K
  class space    used 12096K, committed 12480K, reserved 1048576K
}
Event: 1115.897 GC heap before
{Heap before GC invocations=38 (full 3):
 garbage-first heap   total 96256K, used 61069K [0x0000000084000000, 0x0000000100000000)
  region size 1024K, 29 young (29696K), 4 survivors (4096K)
 Metaspace       used 89301K, committed 90048K, reserved 1179648K
  class space    used 12101K, committed 12480K, reserved 1048576K
}
Event: 1115.949 GC heap after
{Heap after GC invocations=39 (full 4):
 garbage-first heap   total 96256K, used 30518K [0x0000000084000000, 0x0000000100000000)
  region size 1024K, 0 young (0K), 0 survivors (0K)
 Metaspace       used 89298K, committed 90048K, reserved 1179648K
  class space    used 12101K, committed 12480K, reserved 1048576K
}
Event: 1117.017 GC heap before
{Heap before GC invocations=39 (full 4):
 garbage-first heap   total 96256K, used 70454K [0x0000000084000000, 0x0000000100000000)
  region size 1024K, 40 young (40960K), 0 survivors (0K)
 Metaspace       used 89369K, committed 90112K, reserved 1179648K
  class space    used 12110K, committed 12480K, reserved 1048576K
}
Event: 1117.020 GC heap after
{Heap after GC invocations=40 (full 4):
 garbage-first heap   total 96256K, used 34207K [0x0000000084000000, 0x0000000100000000)
  region size 1024K, 4 young (4096K), 4 survivors (4096K)
 Metaspace       used 89369K, committed 90112K, reserved 1179648K
  class space    used 12110K, committed 12480K, reserved 1048576K
}
Event: 1117.847 GC heap before
{Heap before GC invocations=40 (full 4):
 garbage-first heap   total 96256K, used 71071K [0x0000000084000000, 0x0000000100000000)
  region size 1024K, 41 young (41984K), 4 survivors (4096K)
 Metaspace       used 89568K, committed 90304K, reserved 1179648K
  class space    used 12124K, committed 12480K, reserved 1048576K
}
Event: 1117.860 GC heap after
{Heap after GC invocations=41 (full 4):
 garbage-first heap   total 96256K, used 36709K [0x0000000084000000, 0x0000000100000000)
  region size 1024K, 3 young (3072K), 3 survivors (3072K)
 Metaspace       used 89568K, committed 90304K, reserved 1179648K
  class space    used 12124K, committed 12480K, reserved 1048576K
}
Event: 1253.114 GC heap before
{Heap before GC invocations=41 (full 4):
 garbage-first heap   total 96256K, used 71525K [0x0000000084000000, 0x0000000100000000)
  region size 1024K, 38 young (38912K), 3 survivors (3072K)
 Metaspace       used 89602K, committed 90368K, reserved 1179648K
  class space    used 12131K, committed 12544K, reserved 1048576K
}
Event: 1253.122 GC heap after
{Heap after GC invocations=42 (full 4):
 garbage-first heap   total 96256K, used 38670K [0x0000000084000000, 0x0000000100000000)
  region size 1024K, 3 young (3072K), 3 survivors (3072K)
 Metaspace       used 89602K, committed 90368K, reserved 1179648K
  class space    used 12131K, committed 12544K, reserved 1048576K
}

Dll operation events (11 events):
Event: 0.009 Loaded shared library C:\Users\nages\Downloads\spring-tool-suite-4-4.19.0.RELEASE-e4.28.0-win32.win32.x86_64.self-extracting\contents\sts-4.19.0.RELEASE\plugins\org.eclipse.justj.openjdk.hotspot.jre.full.win32.x86_64_17.0.7.v20230425-1502\jre\bin\java.dll
Event: 0.319 Loaded shared library C:\Users\nages\Downloads\spring-tool-suite-4-4.19.0.RELEASE-e4.28.0-win32.win32.x86_64.self-extracting\contents\sts-4.19.0.RELEASE\plugins\org.eclipse.justj.openjdk.hotspot.jre.full.win32.x86_64_17.0.7.v20230425-1502\jre\bin\zip.dll
Event: 0.324 Loaded shared library C:\Users\nages\Downloads\spring-tool-suite-4-4.19.0.RELEASE-e4.28.0-win32.win32.x86_64.self-extracting\contents\sts-4.19.0.RELEASE\plugins\org.eclipse.justj.openjdk.hotspot.jre.full.win32.x86_64_17.0.7.v20230425-1502\jre\bin\instrume
Event: 0.341 Loaded shared library C:\Users\nages\Downloads\spring-tool-suite-4-4.19.0.RELEASE-e4.28.0-win32.win32.x86_64.self-extracting\contents\sts-4.19.0.RELEASE\plugins\org.eclipse.justj.openjdk.hotspot.jre.full.win32.x86_64_17.0.7.v20230425-1502\jre\bin\net.dll
Event: 0.343 Loaded shared library C:\Users\nages\Downloads\spring-tool-suite-4-4.19.0.RELEASE-e4.28.0-win32.win32.x86_64.self-extracting\contents\sts-4.19.0.RELEASE\plugins\org.eclipse.justj.openjdk.hotspot.jre.full.win32.x86_64_17.0.7.v20230425-1502\jre\bin\nio.dll
Event: 0.351 Loaded shared library C:\Users\nages\Downloads\spring-tool-suite-4-4.19.0.RELEASE-e4.28.0-win32.win32.x86_64.self-extracting\contents\sts-4.19.0.RELEASE\plugins\org.eclipse.justj.openjdk.hotspot.jre.full.win32.x86_64_17.0.7.v20230425-1502\jre\bin\zip.dll
Event: 0.524 Loaded shared library C:\Users\nages\Downloads\spring-tool-suite-4-4.19.0.RELEASE-e4.28.0-win32.win32.x86_64.self-extracting\contents\sts-4.19.0.RELEASE\plugins\org.eclipse.justj.openjdk.hotspot.jre.full.win32.x86_64_17.0.7.v20230425-1502\jre\bin\jimage.d
Event: 0.570 Loaded shared library C:\Users\nages\Downloads\spring-tool-suite-4-4.19.0.RELEASE-e4.28.0-win32.win32.x86_64.self-extracting\contents\sts-4.19.0.RELEASE\plugins\org.eclipse.justj.openjdk.hotspot.jre.full.win32.x86_64_17.0.7.v20230425-1502\jre\bin\manageme
Event: 0.585 Loaded shared library C:\Users\nages\Downloads\spring-tool-suite-4-4.19.0.RELEASE-e4.28.0-win32.win32.x86_64.self-extracting\contents\sts-4.19.0.RELEASE\plugins\org.eclipse.justj.openjdk.hotspot.jre.full.win32.x86_64_17.0.7.v20230425-1502\jre\bin\manageme
Event: 0.815 Loaded shared library C:\Users\nages\Downloads\spring-tool-suite-4-4.19.0.RELEASE-e4.28.0-win32.win32.x86_64.self-extracting\contents\sts-4.19.0.RELEASE\plugins\org.eclipse.justj.openjdk.hotspot.jre.full.win32.x86_64_17.0.7.v20230425-1502\jre\bin\verify.d
Event: 2.169 Loaded shared library C:\Users\nages\Downloads\spring-tool-suite-4-4.19.0.RELEASE-e4.28.0-win32.win32.x86_64.self-extracting\contents\sts-4.19.0.RELEASE\plugins\org.eclipse.justj.openjdk.hotspot.jre.full.win32.x86_64_17.0.7.v20230425-1502\jre\bin\sunmscap

Deoptimization events (20 events):
Event: 1328.688 Thread 0x000001b3415c5c20 DEOPT PACKING pc=0x000001b3326a456c sp=0x0000005bb02fa930
Event: 1328.688 Thread 0x000001b3415c5c20 DEOPT UNPACKING pc=0x000001b33203ace3 sp=0x0000005bb02f9e08 mode 1
Event: 1328.688 Thread 0x000001b3415c5c20 DEOPT PACKING pc=0x000001b3329e9edc sp=0x0000005bb02fb5b0
Event: 1328.688 Thread 0x000001b3415c5c20 DEOPT UNPACKING pc=0x000001b33203ace3 sp=0x0000005bb02faad8 mode 1
Event: 1328.688 Thread 0x000001b3415c5c20 DEOPT PACKING pc=0x000001b3329e1e7c sp=0x0000005bb02fb690
Event: 1328.688 Thread 0x000001b3415c5c20 DEOPT UNPACKING pc=0x000001b33203ace3 sp=0x0000005bb02fab30 mode 1
Event: 1328.688 Thread 0x000001b3415c5c20 DEOPT PACKING pc=0x000001b3329e487c sp=0x0000005bb02fb6e0
Event: 1328.688 Thread 0x000001b3415c5c20 DEOPT UNPACKING pc=0x000001b33203ace3 sp=0x0000005bb02fabd0 mode 1
Event: 1348.798 Thread 0x000001b3415c13f0 DEOPT PACKING pc=0x000001b333284d8c sp=0x0000005bafbfee40
Event: 1348.798 Thread 0x000001b3415c13f0 DEOPT UNPACKING pc=0x000001b33203ace3 sp=0x0000005bafbfe388 mode 1
Event: 1348.798 Thread 0x000001b3415c13f0 DEOPT PACKING pc=0x000001b332f85944 sp=0x0000005bafbfefe0
Event: 1348.798 Thread 0x000001b3415c13f0 DEOPT UNPACKING pc=0x000001b33203ace3 sp=0x0000005bafbfe638 mode 1
Event: 1383.857 Thread 0x000001b3415c5280 DEOPT PACKING pc=0x000001b333284d8c sp=0x0000005bb00fefc0
Event: 1383.857 Thread 0x000001b3415c5280 DEOPT UNPACKING pc=0x000001b33203ace3 sp=0x0000005bb00fe508 mode 1
Event: 1383.857 Thread 0x000001b3415c5280 DEOPT PACKING pc=0x000001b332f85944 sp=0x0000005bb00ff160
Event: 1383.857 Thread 0x000001b3415c5280 DEOPT UNPACKING pc=0x000001b33203ace3 sp=0x0000005bb00fe7b8 mode 1
Event: 1403.881 Thread 0x000001b3415c60f0 DEOPT PACKING pc=0x000001b333284d8c sp=0x0000005bb01feee0
Event: 1403.881 Thread 0x000001b3415c60f0 DEOPT UNPACKING pc=0x000001b33203ace3 sp=0x0000005bb01fe428 mode 1
Event: 1403.881 Thread 0x000001b3415c60f0 DEOPT PACKING pc=0x000001b332f85944 sp=0x0000005bb01ff080
Event: 1403.881 Thread 0x000001b3415c60f0 DEOPT UNPACKING pc=0x000001b33203ace3 sp=0x0000005bb01fe6d8 mode 1

Classes unloaded (20 events):
Event: 1009.206 Thread 0x000001b33c58cfe0 Unloading class 0x000000010010fc00 'java/lang/invoke/LambdaForm$MH+0x000000010010fc00'
Event: 1009.206 Thread 0x000001b33c58cfe0 Unloading class 0x000000010010f800 'java/lang/invoke/LambdaForm$MH+0x000000010010f800'
Event: 1009.206 Thread 0x000001b33c58cfe0 Unloading class 0x000000010010f400 'java/lang/invoke/LambdaForm$MH+0x000000010010f400'
Event: 1009.206 Thread 0x000001b33c58cfe0 Unloading class 0x000000010010f000 'java/lang/invoke/LambdaForm$MH+0x000000010010f000'
Event: 1009.206 Thread 0x000001b33c58cfe0 Unloading class 0x0000000100107000 'java/lang/invoke/LambdaForm$MH+0x0000000100107000'
Event: 1009.206 Thread 0x000001b33c58cfe0 Unloading class 0x0000000100106c00 'java/lang/invoke/LambdaForm$MH+0x0000000100106c00'
Event: 1009.206 Thread 0x000001b33c58cfe0 Unloading class 0x0000000100106800 'java/lang/invoke/LambdaForm$MH+0x0000000100106800'
Event: 1009.206 Thread 0x000001b33c58cfe0 Unloading class 0x0000000100106400 'java/lang/invoke/LambdaForm$MH+0x0000000100106400'
Event: 1009.206 Thread 0x000001b33c58cfe0 Unloading class 0x0000000100106000 'java/lang/invoke/LambdaForm$MH+0x0000000100106000'
Event: 1009.206 Thread 0x000001b33c58cfe0 Unloading class 0x0000000100105c00 'java/lang/invoke/LambdaForm$MH+0x0000000100105c00'
Event: 1009.206 Thread 0x000001b33c58cfe0 Unloading class 0x0000000100104000 'java/lang/invoke/LambdaForm$MH+0x0000000100104000'
Event: 1009.206 Thread 0x000001b33c58cfe0 Unloading class 0x0000000100103400 'java/lang/invoke/LambdaForm$MH+0x0000000100103400'
Event: 1009.206 Thread 0x000001b33c58cfe0 Unloading class 0x0000000100102c00 'java/lang/invoke/LambdaForm$MH+0x0000000100102c00'
Event: 1009.206 Thread 0x000001b33c58cfe0 Unloading class 0x0000000100102400 'java/lang/invoke/LambdaForm$MH+0x0000000100102400'
Event: 1009.206 Thread 0x000001b33c58cfe0 Unloading class 0x0000000100101c00 'java/lang/invoke/LambdaForm$MH+0x0000000100101c00'
Event: 1057.105 Thread 0x000001b33c58cfe0 Unloading class 0x0000000100c1c400 'jdk/internal/reflect/GeneratedSerializationConstructorAccessor24'
Event: 1057.105 Thread 0x000001b33c58cfe0 Unloading class 0x0000000100c1c000 'jdk/internal/reflect/GeneratedSerializationConstructorAccessor23'
Event: 1057.105 Thread 0x000001b33c58cfe0 Unloading class 0x0000000100c0cc00 'jdk/internal/reflect/GeneratedSerializationConstructorAccessor22'
Event: 1057.105 Thread 0x000001b33c58cfe0 Unloading class 0x0000000100c1d800 'org/apache/catalina/loader/JdbcLeakPrevention'
Event: 1115.913 Thread 0x000001b33c58cfe0 Unloading class 0x000000010057e000 'org/apache/catalina/loader/JdbcLeakPrevention'

Classes redefined (11 events):
Event: 155.531 Thread 0x000001b33c58cfe0 redefined class name=com.library.entity.Author, count=1
Event: 1007.348 Thread 0x000001b33c58cfe0 redefined class name=com.library.entity.Author, count=2
Event: 1007.348 Thread 0x000001b33c58cfe0 redefined class name=com.library.entity.Author, count=1
Event: 1055.766 Thread 0x000001b33c58cfe0 redefined class name=com.library.entity.Author, count=1
Event: 1055.766 Thread 0x000001b33c58cfe0 redefined class name=com.library.entity.Author, count=3
Event: 1055.766 Thread 0x000001b33c58cfe0 redefined class name=com.library.entity.Author, count=2
Event: 1114.652 Thread 0x000001b33c58cfe0 redefined class name=com.library.entity.Author, count=4
Event: 1114.652 Thread 0x000001b33c58cfe0 redefined class name=com.library.entity.Author, count=3
Event: 1114.652 Thread 0x000001b33c58cfe0 redefined class name=com.library.entity.Author, count=1
Event: 1114.652 Thread 0x000001b33c58cfe0 redefined class name=com.library.entity.Author, count=2
Event: 1638.344 Thread 0x000001b33c58cfe0 redefined class name=com.library.controller.BookController, count=1

Internal exceptions (20 events):
Event: 1117.097 Thread 0x000001b3415c35a0 Exception <a 'sun/nio/fs/WindowsException'{0x00000000896d4640}> (0x00000000896d4640) 
thrown [s\src\hotspot\share\prims\jni.cpp, line 516]
Event: 1117.375 Thread 0x000001b3415c35a0 Exception <a 'java/lang/reflect/InvocationTargetException'{0x0000000088838600}> (0x0000000088838600) 
thrown [s\src\hotspot\share\runtime\reflection.cpp, line 1121]
Event: 1117.391 Thread 0x000001b3415c35a0 Exception <a 'java/lang/reflect/InvocationTargetException'{0x0000000088761d48}> (0x0000000088761d48) 
thrown [s\src\hotspot\share\runtime\reflection.cpp, line 1121]
Event: 1117.711 Thread 0x000001b3415c35a0 Exception <a 'sun/nio/fs/WindowsException'{0x0000000087cb65e8}> (0x0000000087cb65e8) 
thrown [s\src\hotspot\share\prims\jni.cpp, line 516]
Event: 1121.867 Thread 0x000001b3415c5280 Exception <a 'sun/nio/fs/WindowsException'{0x0000000089638ec0}> (0x0000000089638ec0) 
thrown [s\src\hotspot\share\prims\jni.cpp, line 516]
Event: 1121.892 Thread 0x000001b3415c5280 Exception <a 'sun/nio/fs/WindowsException'{0x00000000893370e8}> (0x00000000893370e8) 
thrown [s\src\hotspot\share\prims\jni.cpp, line 516]
Event: 1121.955 Thread 0x000001b3415c5280 Exception <a 'java/lang/ClassNotFoundException'{0x0000000088ccf968}: org/springdoc/core/converters/models/PageableBeanInfo> (0x0000000088ccf968) 
thrown [s\src\hotspot\share\classfile\systemDictionary.cpp, line 256]
Event: 1121.956 Thread 0x000001b3415c5280 Exception <a 'java/lang/ClassNotFoundException'{0x0000000088cd3b68}: java/lang/ObjectBeanInfo> (0x0000000088cd3b68) 
thrown [s\src\hotspot\share\classfile\systemDictionary.cpp, line 256]
Event: 1121.957 Thread 0x000001b3415c5280 Exception <a 'java/lang/ClassNotFoundException'{0x0000000088cd7b70}: java/lang/ObjectCustomizer> (0x0000000088cd7b70) 
thrown [s\src\hotspot\share\classfile\systemDictionary.cpp, line 256]
Event: 1121.958 Thread 0x000001b3415c5280 Exception <a 'java/lang/ClassNotFoundException'{0x0000000088ce4380}: org/springdoc/core/converters/models/PageableCustomizer> (0x0000000088ce4380) 
thrown [s\src\hotspot\share\classfile\systemDictionary.cpp, line 256]
Event: 1166.206 Thread 0x000001b341b43940 Exception <a 'java/lang/reflect/InvocationTargetException'{0x0000000089852c00}> (0x0000000089852c00) 
thrown [s\src\hotspot\share\runtime\reflection.cpp, line 1121]
Event: 1166.207 Thread 0x000001b341b43940 Exception <a 'java/lang/reflect/InvocationTargetException'{0x0000000089853420}> (0x0000000089853420) 
thrown [s\src\hotspot\share\runtime\reflection.cpp, line 1121]
Event: 1166.207 Thread 0x000001b341b43940 Exception <a 'java/lang/reflect/InvocationTargetException'{0x0000000089853c40}> (0x0000000089853c40) 
thrown [s\src\hotspot\share\runtime\reflection.cpp, line 1121]
Event: 1190.302 Thread 0x000001b3415c48e0 Exception <a 'java/lang/reflect/InvocationTargetException'{0x0000000089872818}> (0x0000000089872818) 
thrown [s\src\hotspot\share\runtime\reflection.cpp, line 1121]
Event: 1201.136 Thread 0x000001b341b49100 Exception <a 'java/lang/NoSuchMethodError'{0x0000000088462b18}: static [B.<clinit>()V> (0x0000000088462b18) 
thrown [s\src\hotspot\share\prims\jni.cpp, line 1107]
Event: 1207.721 Thread 0x000001b3415c30d0 Exception <a 'java/lang/reflect/InvocationTargetException'{0x0000000088486750}> (0x0000000088486750) 
thrown [s\src\hotspot\share\runtime\reflection.cpp, line 1121]
Event: 1216.132 Thread 0x000001b3415c7900 Exception <a 'java/lang/reflect/InvocationTargetException'{0x00000000887c3848}> (0x00000000887c3848) 
thrown [s\src\hotspot\share\runtime\reflection.cpp, line 1121]
Event: 1230.275 Thread 0x000001b3415c13f0 Exception <a 'sun/nio/fs/WindowsException'{0x00000000883bfcb8}> (0x00000000883bfcb8) 
thrown [s\src\hotspot\share\prims\jni.cpp, line 516]
Event: 1268.967 Thread 0x000001b3415c30d0 Exception <a 'java/lang/reflect/InvocationTargetException'{0x0000000089dba610}> (0x0000000089dba610) 
thrown [s\src\hotspot\share\runtime\reflection.cpp, line 1121]
Event: 1328.688 Thread 0x000001b3415c5c20 Exception <a 'java/lang/reflect/InvocationTargetException'{0x0000000089a4d778}> (0x0000000089a4d778) 
thrown [s\src\hotspot\share\runtime\reflection.cpp, line 1121]

VM Operations (20 events):
Event: 1210.574 Executing VM operation: Cleanup done
Event: 1228.700 Executing VM operation: Cleanup
Event: 1228.700 Executing VM operation: Cleanup done
Event: 1230.712 Executing VM operation: Cleanup
Event: 1230.712 Executing VM operation: Cleanup done
Event: 1240.771 Executing VM operation: Cleanup
Event: 1240.771 Executing VM operation: Cleanup done
Event: 1253.114 Executing VM operation: G1CollectForAllocation
Event: 1253.122 Executing VM operation: G1CollectForAllocation done
Event: 1269.223 Executing VM operation: Cleanup
Event: 1269.223 Executing VM operation: Cleanup done
Event: 1274.266 Executing VM operation: Cleanup
Event: 1274.266 Executing VM operation: Cleanup done
Event: 1383.100 Executing VM operation: Cleanup
Event: 1383.100 Executing VM operation: Cleanup done
Event: 1399.234 Executing VM operation: Cleanup
Event: 1399.234 Executing VM operation: Cleanup done
Event: 1562.351 Executing VM operation: Cleanup
Event: 1562.351 Executing VM operation: Cleanup done
Event: 1638.326 Executing VM operation: RedefineClasses

Events (20 events):
Event: 1121.956 loading class java/lang/ObjectCustomizer
Event: 1121.956 loading class java/lang/ObjectCustomizer done
Event: 1121.957 loading class java/lang/ObjectCustomizer
Event: 1121.957 loading class java/lang/ObjectCustomizer done
Event: 1121.991 Thread 0x000001b342137f90 Thread added: 0x000001b342137f90
Event: 1121.991 Thread 0x000001b3421389b0 Thread added: 0x000001b3421389b0
Event: 1122.720 Thread 0x000001b3415c6f60 Thread exited: 0x000001b3415c6f60
Event: 1127.002 Thread 0x000001b342137f90 Thread exited: 0x000001b342137f90
Event: 1127.002 Thread 0x000001b3421389b0 Thread exited: 0x000001b3421389b0
Event: 1132.016 Thread 0x000001b342138ec0 Thread exited: 0x000001b342138ec0
Event: 1181.894 Thread 0x000001b3415c0f20 Thread exited: 0x000001b3415c0f20
Event: 1230.328 Thread 0x000001b342137f90 Thread added: 0x000001b342137f90
Event: 1230.374 loading class java/util/concurrent/locks/ReentrantReadWriteLock$Sync$HoldCounter
Event: 1230.374 loading class java/util/concurrent/locks/ReentrantReadWriteLock$Sync$HoldCounter done
Event: 1230.424 Thread 0x000001b3421389b0 Thread added: 0x000001b3421389b0
Event: 1230.424 Thread 0x000001b342138ec0 Thread added: 0x000001b342138ec0
Event: 1235.435 Thread 0x000001b342138ec0 Thread exited: 0x000001b342138ec0
Event: 1235.435 Thread 0x000001b342137f90 Thread exited: 0x000001b342137f90
Event: 1235.435 Thread 0x000001b3421389b0 Thread exited: 0x000001b3421389b0
Event: 1241.898 Thread 0x000001b3415c8770 Thread exited: 0x000001b3415c8770


Dynamic libraries:
0x00007ff623010000 - 0x00007ff62301e000 	C:\Users\nages\Downloads\spring-tool-suite-4-4.19.0.RELEASE-e4.28.0-win32.win32.x86_64.self-extracting\contents\sts-4.19.0.RELEASE\plugins\org.eclipse.justj.openjdk.hotspot.jre.full.win32.x86_64_17.0.7.v20230425-1502\jre\bin\javaw.exe
0x00007ffec9d10000 - 0x00007ffec9f27000 	C:\WINDOWS\SYSTEM32\ntdll.dll
0x00007ffec9130000 - 0x00007ffec91f4000 	C:\WINDOWS\System32\KERNEL32.DLL
0x00007ffec7010000 - 0x00007ffec73e1000 	C:\WINDOWS\System32\KERNELBASE.dll
0x00007ffec7650000 - 0x00007ffec7761000 	C:\WINDOWS\System32\ucrtbase.dll
0x00007ffe91380000 - 0x00007ffe91397000 	C:\Users\nages\Downloads\spring-tool-suite-4-4.19.0.RELEASE-e4.28.0-win32.win32.x86_64.self-extracting\contents\sts-4.19.0.RELEASE\plugins\org.eclipse.justj.openjdk.hotspot.jre.full.win32.x86_64_17.0.7.v20230425-1502\jre\bin\jli.dll
0x00007ffe87e40000 - 0x00007ffe87e59000 	C:\Users\nages\Downloads\spring-tool-suite-4-4.19.0.RELEASE-e4.28.0-win32.win32.x86_64.self-extracting\contents\sts-4.19.0.RELEASE\plugins\org.eclipse.justj.openjdk.hotspot.jre.full.win32.x86_64_17.0.7.v20230425-1502\jre\bin\VCRUNTIME140.dll
0x00007ffec7fc0000 - 0x00007ffec8171000 	C:\WINDOWS\System32\USER32.dll
0x00007ffec73f0000 - 0x00007ffec7416000 	C:\WINDOWS\System32\win32u.dll
0x00007ffea9310000 - 0x00007ffea95a2000 	C:\WINDOWS\WinSxS\amd64_microsoft.windows.common-controls_6595b64144ccf1df_6.0.22621.4830_none_270fe7d773858e80\COMCTL32.dll
0x00007ffec7dc0000 - 0x00007ffec7de9000 	C:\WINDOWS\System32\GDI32.dll
0x00007ffec9250000 - 0x00007ffec92f7000 	C:\WINDOWS\System32\msvcrt.dll
0x00007ffec6ef0000 - 0x00007ffec700b000 	C:\WINDOWS\System32\gdi32full.dll
0x00007ffec6e50000 - 0x00007ffec6eea000 	C:\WINDOWS\System32\msvcp_win.dll
0x00007ffec7d80000 - 0x00007ffec7db1000 	C:\WINDOWS\System32\IMM32.DLL
0x00007ffebd800000 - 0x00007ffebd80c000 	C:\Users\nages\Downloads\spring-tool-suite-4-4.19.0.RELEASE-e4.28.0-win32.win32.x86_64.self-extracting\contents\sts-4.19.0.RELEASE\plugins\org.eclipse.justj.openjdk.hotspot.jre.full.win32.x86_64_17.0.7.v20230425-1502\jre\bin\vcruntime140_1.dll
0x00007ffe2dc50000 - 0x00007ffe2dce1000 	C:\Users\nages\Downloads\spring-tool-suite-4-4.19.0.RELEASE-e4.28.0-win32.win32.x86_64.self-extracting\contents\sts-4.19.0.RELEASE\plugins\org.eclipse.justj.openjdk.hotspot.jre.full.win32.x86_64_17.0.7.v20230425-1502\jre\bin\msvcp140.dll
0x00007ffdcf810000 - 0x00007ffdd0458000 	C:\Users\nages\Downloads\spring-tool-suite-4-4.19.0.RELEASE-e4.28.0-win32.win32.x86_64.self-extracting\contents\sts-4.19.0.RELEASE\plugins\org.eclipse.justj.openjdk.hotspot.jre.full.win32.x86_64_17.0.7.v20230425-1502\jre\bin\server\jvm.dll
0x00007ffec9010000 - 0x00007ffec90c1000 	C:\WINDOWS\System32\ADVAPI32.dll
0x00007ffec9ba0000 - 0x00007ffec9c47000 	C:\WINDOWS\System32\sechost.dll
0x00007ffec7620000 - 0x00007ffec7648000 	C:\WINDOWS\System32\bcrypt.dll
0x00007ffec81a0000 - 0x00007ffec82b4000 	C:\WINDOWS\System32\RPCRT4.dll
0x00007ffebd5c0000 - 0x00007ffebd5ca000 	C:\WINDOWS\SYSTEM32\VERSION.dll
0x00007ffebf910000 - 0x00007ffebf944000 	C:\WINDOWS\SYSTEM32\WINMM.dll
0x00007ffea7fd0000 - 0x00007ffea7fd9000 	C:\WINDOWS\SYSTEM32\WSOCK32.dll
0x00007ffec9b00000 - 0x00007ffec9b71000 	C:\WINDOWS\System32\WS2_32.dll
0x00007ffec5eb0000 - 0x00007ffec5ec8000 	C:\WINDOWS\SYSTEM32\kernel.appcore.dll
0x00007ffe961a0000 - 0x00007ffe961aa000 	C:\Users\nages\Downloads\spring-tool-suite-4-4.19.0.RELEASE-e4.28.0-win32.win32.x86_64.self-extracting\contents\sts-4.19.0.RELEASE\plugins\org.eclipse.justj.openjdk.hotspot.jre.full.win32.x86_64_17.0.7.v20230425-1502\jre\bin\jimage.dll
0x00007ffec4870000 - 0x00007ffec4aa2000 	C:\WINDOWS\SYSTEM32\DBGHELP.DLL
0x00007ffec8c80000 - 0x00007ffec9010000 	C:\WINDOWS\System32\combase.dll
0x00007ffec9360000 - 0x00007ffec9437000 	C:\WINDOWS\System32\OLEAUT32.dll
0x00007ffea8420000 - 0x00007ffea8452000 	C:\WINDOWS\SYSTEM32\dbgcore.DLL
0x00007ffec7960000 - 0x00007ffec79db000 	C:\WINDOWS\System32\bcryptPrimitives.dll
0x00007ffea7900000 - 0x00007ffea793b000 	C:\Users\nages\Downloads\spring-tool-suite-4-4.19.0.RELEASE-e4.28.0-win32.win32.x86_64.self-extracting\contents\sts-4.19.0.RELEASE\plugins\org.eclipse.justj.openjdk.hotspot.jre.full.win32.x86_64_17.0.7.v20230425-1502\jre\bin\jdwp.dll
0x00007ffea9f10000 - 0x00007ffea9f1e000 	C:\Users\nages\Downloads\spring-tool-suite-4-4.19.0.RELEASE-e4.28.0-win32.win32.x86_64.self-extracting\contents\sts-4.19.0.RELEASE\plugins\org.eclipse.justj.openjdk.hotspot.jre.full.win32.x86_64_17.0.7.v20230425-1502\jre\bin\instrument.dll
0x00007ffe8e380000 - 0x00007ffe8e3a5000 	C:\Users\nages\Downloads\spring-tool-suite-4-4.19.0.RELEASE-e4.28.0-win32.win32.x86_64.self-extracting\contents\sts-4.19.0.RELEASE\plugins\org.eclipse.justj.openjdk.hotspot.jre.full.win32.x86_64_17.0.7.v20230425-1502\jre\bin\java.dll
0x00007ffe86040000 - 0x00007ffe86058000 	C:\Users\nages\Downloads\spring-tool-suite-4-4.19.0.RELEASE-e4.28.0-win32.win32.x86_64.self-extracting\contents\sts-4.19.0.RELEASE\plugins\org.eclipse.justj.openjdk.hotspot.jre.full.win32.x86_64_17.0.7.v20230425-1502\jre\bin\zip.dll
0x00007ffec82c0000 - 0x00007ffec8b48000 	C:\WINDOWS\System32\SHELL32.dll
0x00007ffec7420000 - 0x00007ffec755f000 	C:\WINDOWS\System32\wintypes.dll
0x00007ffec4d70000 - 0x00007ffec567d000 	C:\WINDOWS\SYSTEM32\windows.storage.dll
0x00007ffec7af0000 - 0x00007ffec7bfa000 	C:\WINDOWS\System32\SHCORE.dll
0x00007ffec9300000 - 0x00007ffec935e000 	C:\WINDOWS\System32\shlwapi.dll
0x00007ffec6d80000 - 0x00007ffec6dab000 	C:\WINDOWS\SYSTEM32\profapi.dll
0x00007ffea9ef0000 - 0x00007ffea9efc000 	C:\Users\nages\Downloads\spring-tool-suite-4-4.19.0.RELEASE-e4.28.0-win32.win32.x86_64.self-extracting\contents\sts-4.19.0.RELEASE\plugins\org.eclipse.justj.openjdk.hotspot.jre.full.win32.x86_64_17.0.7.v20230425-1502\jre\bin\dt_socket.dll
0x00007ffec5950000 - 0x00007ffec597d000 	C:\WINDOWS\SYSTEM32\IPHLPAPI.DLL
0x00007ffec63b0000 - 0x00007ffec641a000 	C:\WINDOWS\system32\mswsock.dll
0x00007ffec5980000 - 0x00007ffec5a82000 	C:\WINDOWS\SYSTEM32\DNSAPI.dll
0x00007ffec8b50000 - 0x00007ffec8b59000 	C:\WINDOWS\System32\NSI.dll
0x00007ffebf640000 - 0x00007ffebf64a000 	C:\Windows\System32\rasadhlp.dll
0x00007ffebfba0000 - 0x00007ffebfc23000 	C:\WINDOWS\System32\fwpuclnt.dll
0x00007ffe84010000 - 0x00007ffe84029000 	C:\Users\nages\Downloads\spring-tool-suite-4-4.19.0.RELEASE-e4.28.0-win32.win32.x86_64.self-extracting\contents\sts-4.19.0.RELEASE\plugins\org.eclipse.justj.openjdk.hotspot.jre.full.win32.x86_64_17.0.7.v20230425-1502\jre\bin\net.dll
0x00007ffec0c00000 - 0x00007ffec0d2c000 	C:\WINDOWS\SYSTEM32\WINHTTP.dll
0x00007ffe7f370000 - 0x00007ffe7f385000 	C:\Users\nages\Downloads\spring-tool-suite-4-4.19.0.RELEASE-e4.28.0-win32.win32.x86_64.self-extracting\contents\sts-4.19.0.RELEASE\plugins\org.eclipse.justj.openjdk.hotspot.jre.full.win32.x86_64_17.0.7.v20230425-1502\jre\bin\nio.dll
0x00007ffebf230000 - 0x00007ffebf239000 	C:\Users\nages\Downloads\spring-tool-suite-4-4.19.0.RELEASE-e4.28.0-win32.win32.x86_64.self-extracting\contents\sts-4.19.0.RELEASE\plugins\org.eclipse.justj.openjdk.hotspot.jre.full.win32.x86_64_17.0.7.v20230425-1502\jre\bin\management.dll
0x00007ffea9f20000 - 0x00007ffea9f2b000 	C:\Users\nages\Downloads\spring-tool-suite-4-4.19.0.RELEASE-e4.28.0-win32.win32.x86_64.self-extracting\contents\sts-4.19.0.RELEASE\plugins\org.eclipse.justj.openjdk.hotspot.jre.full.win32.x86_64_17.0.7.v20230425-1502\jre\bin\management_ext.dll
0x00007ffec7fb0000 - 0x00007ffec7fb8000 	C:\WINDOWS\System32\PSAPI.DLL
0x00007ffe9eeb0000 - 0x00007ffe9eec7000 	C:\WINDOWS\system32\napinsp.dll
0x00007ffe9ee90000 - 0x00007ffe9eeab000 	C:\WINDOWS\system32\pnrpnsp.dll
0x00007ffe9ee70000 - 0x00007ffe9ee81000 	C:\WINDOWS\System32\winrnr.dll
0x00007ffe9ee50000 - 0x00007ffe9ee65000 	C:\WINDOWS\system32\wshbth.dll
0x00007ffe9edd0000 - 0x00007ffe9edf7000 	C:\WINDOWS\system32\nlansp_c.dll
0x00007ffec6650000 - 0x00007ffec666b000 	C:\WINDOWS\SYSTEM32\CRYPTSP.dll
0x00007ffec5ed0000 - 0x00007ffec5f07000 	C:\WINDOWS\system32\rsaenh.dll
0x00007ffec6450000 - 0x00007ffec6478000 	C:\WINDOWS\SYSTEM32\USERENV.dll
0x00007ffec65b0000 - 0x00007ffec65bc000 	C:\WINDOWS\SYSTEM32\CRYPTBASE.dll
0x00007ffec0a70000 - 0x00007ffec0a89000 	C:\WINDOWS\SYSTEM32\dhcpcsvc6.DLL
0x00007ffec0a50000 - 0x00007ffec0a6f000 	C:\WINDOWS\SYSTEM32\dhcpcsvc.DLL
0x00007ffe90560000 - 0x00007ffe90570000 	C:\Users\nages\Downloads\spring-tool-suite-4-4.19.0.RELEASE-e4.28.0-win32.win32.x86_64.self-extracting\contents\sts-4.19.0.RELEASE\plugins\org.eclipse.justj.openjdk.hotspot.jre.full.win32.x86_64_17.0.7.v20230425-1502\jre\bin\verify.dll
0x00007ffe8fa90000 - 0x00007ffe8fa9e000 	C:\Users\nages\Downloads\spring-tool-suite-4-4.19.0.RELEASE-e4.28.0-win32.win32.x86_64.self-extracting\contents\sts-4.19.0.RELEASE\plugins\org.eclipse.justj.openjdk.hotspot.jre.full.win32.x86_64_17.0.7.v20230425-1502\jre\bin\sunmscapi.dll
0x00007ffec7770000 - 0x00007ffec78d6000 	C:\WINDOWS\System32\CRYPT32.dll
0x00007ffec6810000 - 0x00007ffec683d000 	C:\WINDOWS\SYSTEM32\ncrypt.dll
0x00007ffec67d0000 - 0x00007ffec6807000 	C:\WINDOWS\SYSTEM32\NTASN1.dll
0x00007ffe35e60000 - 0x00007ffe35e68000 	C:\WINDOWS\system32\wshunix.dll

dbghelp: loaded successfully - version: 4.0.5 - missing functions: none
symbol engine: initialized successfully - sym options: 0x614 - pdb path: .;C:\Users\nages\Downloads\spring-tool-suite-4-4.19.0.RELEASE-e4.28.0-win32.win32.x86_64.self-extracting\contents\sts-4.19.0.RELEASE\plugins\org.eclipse.justj.openjdk.hotspot.jre.full.win32.x86_64_17.0.7.v20230425-1502\jre\bin;C:\WINDOWS\SYSTEM32;C:\WINDOWS\WinSxS\amd64_microsoft.windows.common-controls_6595b64144ccf1df_6.0.22621.4830_none_270fe7d773858e80;C:\Users\nages\Downloads\spring-tool-suite-4-4.19.0.RELEASE-e4.28.0-win32.win32.x86_64.self-extracting\contents\sts-4.19.0.RELEASE\plugins\org.eclipse.justj.openjdk.hotspot.jre.full.win32.x86_64_17.0.7.v20230425-1502\jre\bin\server

VM Arguments:
jvm_args: -XX:+ShowCodeDetailsInExceptionMessages -agentlib:jdwp=transport=dt_socket,suspend=y,address=localhost:56154 -Dcom.sun.management.jmxremote -Dcom.sun.management.jmxremote.port=56153 -Dcom.sun.management.jmxremote.authenticate=false -Dcom.sun.management.jmxremote.ssl=false -Djava.rmi.server.hostname=localhost -Dspring.jmx.enabled=true -Dmanagement.endpoints.jmx.exposure.include=* -Dspring.application.admin.enabled=true -XX:TieredStopAtLevel=1 -Dspring.boot.project.name=Library_System -javaagent:C:\Users\nages\Downloads\spring-tool-suite-4-4.19.0.RELEASE-e4.28.0-win32.win32.x86_64.self-extracting\contents\sts-4.19.0.RELEASE\configuration\org.eclipse.osgi\267\0\.cp\lib\javaagent-shaded.jar -Dfile.encoding=UTF-8 
java_command: com.library.LibrarySystemApplication --spring.output.ansi.enabled=always
java_class_path (initial): C:\Users\nages\git\repository11\Library_System\target\classes;C:\Users\nages\.m2\repository\org\springframework\boot\spring-boot-starter-web\3.4.4\spring-boot-starter-web-3.4.4.jar;C:\Users\nages\.m2\repository\org\springframework\boot\spring-boot-starter\3.4.4\spring-boot-starter-3.4.4.jar;C:\Users\nages\.m2\repository\org\springframework\boot\spring-boot-starter-logging\3.4.4\spring-boot-starter-logging-3.4.4.jar;C:\Users\nages\.m2\repository\ch\qos\logback\logback-classic\1.5.18\logback-classic-1.5.18.jar;C:\Users\nages\.m2\repository\ch\qos\logback\logback-core\1.5.18\logback-core-1.5.18.jar;C:\Users\nages\.m2\repository\org\apache\logging\log4j\log4j-to-slf4j\2.24.3\log4j-to-slf4j-2.24.3.jar;C:\Users\nages\.m2\repository\org\apache\logging\log4j\log4j-api\2.24.3\log4j-api-2.24.3.jar;C:\Users\nages\.m2\repository\org\slf4j\jul-to-slf4j\2.0.17\jul-to-slf4j-2.0.17.jar;C:\Users\nages\.m2\repository\jakarta\annotation\jakarta.annotation-api\2.1.1\jakarta.annotation-api-2.1.1.jar;C:\Users\nages\.m2\repository\org\yaml\snakeyaml\2.3\snakeyaml-2.3.jar;C:\Users\nages\.m2\repository\org\springframework\boot\spring-boot-starter-json\3.4.4\spring-boot-starter-json-3.4.4.jar;C:\Users\nages\.m2\repository\com\fasterxml\jackson\core\jackson-databind\2.18.3\jackson-databind-2.18.3.jar;C:\Users\nages\.m2\repository\com\fasterxml\jackson\core\jackson-annotations\2.18.3\jackson-annotations-2.18.3.jar;C:\Users\nages\.m2\repository\com\fasterxml\jackson\core\jackson-core\2.18.3\jackson-core-2.18.3.jar;C:\Users\nages\.m2\repository\com\fasterxml\jackson\datatype\jackson-datatype-jdk8\2.18.3\jackson-datatype-jdk8-2.18.3.jar;C:\Users\nages\.m2\repository\com\fasterxml\jackson\datatype\jackson-datatype-jsr310\2.18.3\jackson-datatype-jsr310-2.18.3.jar;C:\Users\nages\.m2\repository\com\fasterxml\jackson\module\jackson-module-parameter-names\2.18.3\jackson-module-parameter-names-2.18.3.jar;C:\Users\nages\.m2\repository\org\springframework\boot\spring-boot-star
Launcher Type: SUN_STANDARD

[Global flags]
     intx CICompilerCount                          = 4                                         {product} {ergonomic}
     uint ConcGCThreads                            = 2                                         {product} {ergonomic}
     uint G1ConcRefinementThreads                  = 8                                         {product} {ergonomic}
   size_t G1HeapRegionSize                         = 1048576                                   {product} {ergonomic}
    uintx GCDrainStackTargetSize                   = 64                                        {product} {ergonomic}
   size_t InitialHeapSize                          = 130023424                                 {product} {ergonomic}
     bool ManagementServer                         = true                                      {product} {command line}
   size_t MarkStackSize                            = 4194304                                   {product} {ergonomic}
   size_t MaxHeapSize                              = 2080374784                                {product} {ergonomic}
   size_t MaxNewSize                               = 1247805440                                {product} {ergonomic}
   size_t MinHeapDeltaBytes                        = 1048576                                   {product} {ergonomic}
   size_t MinHeapSize                              = 8388608                                   {product} {ergonomic}
    uintx NonProfiledCodeHeapSize                  = 0                                      {pd product} {ergonomic}
     bool ProfileInterpreter                       = false                                  {pd product} {command line}
    uintx ProfiledCodeHeapSize                     = 0                                      {pd product} {ergonomic}
     bool ShowCodeDetailsInExceptionMessages       = true                                   {manageable} {command line}
   size_t SoftMaxHeapSize                          = 2080374784                             {manageable} {ergonomic}
     intx TieredStopAtLevel                        = 1                                         {product} {command line}
     bool UseCompressedClassPointers               = true                           {product lp64_product} {ergonomic}
     bool UseCompressedOops                        = true                           {product lp64_product} {ergonomic}
     bool UseG1GC                                  = true                                      {product} {ergonomic}
     bool UseLargePagesIndividualAllocation        = false                                  {pd product} {ergonomic}

Logging:
Log output configuration:
 #0: stdout all=warning uptime,level,tags
 #1: stderr all=off uptime,level,tags

Environment Variables:
PATH=C:\Users\nages\Downloads\spring-tool-suite-4-4.19.0.RELEASE-e4.28.0-win32.win32.x86_64.self-extracting\contents\sts-4.19.0.RELEASE\plugins\org.eclipse.justj.openjdk.hotspot.jre.full.win32.x86_64_17.0.7.v20230425-1502\jre\bin;C:/Users/nages/Downloads/spring-tool-suite-4-4.19.0.RELEASE-e4.28.0-win32.win32.x86_64.self-extracting/contents/sts-4.19.0.RELEASE//plugins/org.eclipse.justj.openjdk.hotspot.jre.full.win32.x86_64_17.0.7.v20230425-1502/jre/bin/server;C:/Users/nages/Downloads/spring-tool-suite-4-4.19.0.RELEASE-e4.28.0-win32.win32.x86_64.self-extracting/contents/sts-4.19.0.RELEASE//plugins/org.eclipse.justj.openjdk.hotspot.jre.full.win32.x86_64_17.0.7.v20230425-1502/jre/bin;C:\WINDOWS\system32;C:\WINDOWS;C:\WINDOWS\System32\Wbem;C:\WINDOWS\System32\WindowsPowerShell\v1.0\;C:\WINDOWS\System32\OpenSSH\;C:\Program Files\nodejs\;D:\Git\cmd;D:\Git\mingw64\bin;D:\Git\usr\bin;C:\Program Files\TortoiseSVN\bin;C:\Program Files\Cloudflare\Cloudflare WARP\;C:\Program Files\Java\jdk-11.0.16.1\bin;C:\apache-maven-3.9.1\bin;C:\Program Files\MySQL\MySQL Shell 8.0\bin\;C:\Users\nages\AppData\Local\Microsoft\WindowsApps;C:\Users\nages\AppData\Local\Programs\Microsoft VS Code\bin;C:\Users\nages\AppData\Roaming\npm;C:\Users\nages\AppData\Local\GitHubDesktop\bin;C:\ProgramData\nages\GitHubDesktop\bin;;C:\Users\nages\Downloads\spring-tool-suite-4-4.19.0.RELEASE-e4.28.0-win32.win32.x86_64.self-extracting\contents\sts-4.19.0.RELEASE;
USERNAME=nages
OS=Windows_NT
PROCESSOR_IDENTIFIER=Intel64 Family 6 Model 140 Stepping 1, GenuineIntel
TMP=C:\Users\nages\AppData\Local\Temp
TEMP=C:\Users\nages\AppData\Local\Temp



---------------  S Y S T E M  ---------------

OS:
 Windows 11 , 64 bit Build 22621 (10.0.22621.4974)
OS uptime: 0 days 22:48 hours
Hyper-V role detected

CPU: total 8 (initial active 8) (4 cores per cpu, 2 threads per core) family 6 model 140 stepping 1 microcode 0xac, cx8, cmov, fxsr, ht, mmx, 3dnowpref, sse, sse2, sse3, ssse3, sse4.1, sse4.2, popcnt, lzcnt, tsc, tscinvbit, avx, avx2, aes, erms, clmul, bmi1, bmi2, adx, avx512f, avx512dq, avx512cd, avx512bw, avx512vl, sha, fma, vzeroupper, avx512_vpopcntdq, avx512_vpclmulqdq, avx512_vaes, avx512_vnni, clflush, clflushopt, clwb, avx512_vbmi2, avx512_vbmi, hv

Memory: 4k page, system-wide physical 7932M (754M free)
TotalPageFile size 16725M (AvailPageFile size 2815M)
current process WorkingSet (physical memory assigned to process): 258M, peak: 290M
current process commit charge ("private bytes"): 320M, peak: 336M

vm_info: OpenJDK 64-Bit Server VM (17.0.7+7) for windows-amd64 JRE (17.0.7+7), built on Apr 18 2023 22:10:42 by "temurin" with MS VC++ 16.7 (VS2019)

END.
